<?xml version="1.0" encoding="UTF-8"?>
<!-- Generated by org.testng.reporters.JUnitXMLReporter -->
<testsuite ignored="3" hostname="Ankit-LEGION" failures="0" tests="5" name="OrangeHRMTest" time="31.269" errors="0" timestamp="2025-12-25T19:46:04 IST">
  <testcase classname="com.orangeHRM.test.DummyClass" name="dummyTest" time="0.036">
    <skipped/>
  </testcase> <!-- dummyTest -->
  <testcase classname="com.orangeHRM.test.DummyClass2" name="dummyTest" time="0.005"/>
  <testcase classname="com.orangeHRM.test.LoginPageTest" name="invalidLogintest" time="2.039"/>
  <testcase classname="com.orangeHRM.test.HomePageTest" name="verifyOrangeHRMogo" time="2.445"/>
  <testcase classname="com.orangeHRM.test.LoginPageTest" name="testvalidLogin" time="8.636"/>
  <testcase classname="com.orangehrm.base.BaseClass" name="@BeforeSuite loadConfig" time="0.0">
    <ignored/>
  </testcase> <!-- @BeforeSuite loadConfig -->
  <testcase classname="com.orangehrm.base.BaseClass" name="@BeforeSuite loadConfig" time="0.0">
    <ignored/>
  </testcase> <!-- @BeforeSuite loadConfig -->
  <testcase classname="com.orangehrm.base.BaseClass" name="@BeforeSuite loadConfig" time="0.0">
    <ignored/>
  </testcase> <!-- @BeforeSuite loadConfig -->
</testsuite> <!-- OrangeHRMTest -->
