<?xml version="1.0" encoding="UTF-8"?>
<!-- Generated by org.testng.reporters.JUnitXMLReporter -->
<testsuite ignored="0" hostname="Ankit-LEGION" failures="1" tests="1" name="OrangeHRMTests" time="0.048" errors="0" timestamp="2025-11-22T21:23:16 IST">
  <testcase classname="com.orangeHRM.test.DummyClass" name="dummyTest" time="0.004">
    <failure type="java.lang.NullPointerException" message="Cannot invoke &amp;quot;org.openqa.selenium.WebDriver.getTitle()&amp;quot; because &amp;quot;this.driver&amp;quot; is null">
      <![CDATA[java.lang.NullPointerException: Cannot invoke "org.openqa.selenium.WebDriver.getTitle()" because "this.driver" is null
at com.orangeHRM.test.DummyClass.dummyTest(DummyClass.java:10)
at java.base/java.util.ArrayList.forEach(ArrayList.java:1511)
... Removed 27 stack frames]]>
    </failure>
  </testcase> <!-- dummyTest -->
</testsuite> <!-- OrangeHRMTests -->
