<?xml version="1.0" encoding="UTF-8"?>
<!-- Generated by org.testng.reporters.JUnitXMLReporter -->
<testsuite ignored="3" hostname="Ankit-LEGION" failures="0" tests="5" name="OrangeHRMTest" time="34.179" errors="0" timestamp="2025-12-28T21:23:55 IST">
  <testcase classname="com.orangeHRM.test.DummyClass" name="dummyTest" time="0.042">
    <skipped/>
  </testcase> <!-- dummyTest -->
  <testcase classname="com.orangeHRM.test.DummyClass2" name="dummyTest" time="0.009"/>
  <testcase classname="com.orangeHRM.test.LoginPageTest" name="invalidLogintest" time="2.253"/>
  <testcase classname="com.orangeHRM.test.HomePageTest" name="verifyOrangeHRMogo" time="3.603"/>
  <testcase classname="com.orangeHRM.test.LoginPageTest" name="testvalidLogin" time="8.367"/>
  <testcase classname="com.orangehrm.base.BaseClass" name="@BeforeSuite loadConfig" time="0.0">
    <ignored/>
  </testcase> <!-- @BeforeSuite loadConfig -->
  <testcase classname="com.orangehrm.base.BaseClass" name="@BeforeSuite loadConfig" time="0.0">
    <ignored/>
  </testcase> <!-- @BeforeSuite loadConfig -->
  <testcase classname="com.orangehrm.base.BaseClass" name="@BeforeSuite loadConfig" time="0.0">
    <ignored/>
  </testcase> <!-- @BeforeSuite loadConfig -->
</testsuite> <!-- OrangeHRMTest -->
