<?xml version="1.0" encoding="UTF-8"?>
<testng-results ignored="0" total="5" passed="4" failed="0" skipped="1">
  <reporter-output>
  </reporter-output>
  <suite started-at="2025-12-24T20:33:34 IST" name="OrangeHRMSuite" finished-at="2025-12-24T20:34:03 IST" duration-ms="29019">
    <groups>
    </groups>
    <test started-at="2025-12-24T20:33:34 IST" name="OrangeHRMTest" finished-at="2025-12-24T20:34:03 IST" duration-ms="29019">
      <class name="com.orangeHRM.test.HomePageTest">
        <test-method is-config="true" signature="setup()[pri:0, instance:com.orangeHRM.test.HomePageTest@3dd1dc90]" started-at="2025-12-24T20:33:34 IST" name="setup" finished-at="2025-12-24T20:33:45 IST" duration-ms="11241" status="PASS">
          <reporter-output>
          </reporter-output>
        </test-method> <!-- setup -->
        <test-method signature="verifyOrangeHRMogo()[pri:0, instance:com.orangeHRM.test.HomePageTest@3dd1dc90]" started-at="2025-12-24T20:33:45 IST" name="verifyOrangeHRMogo" finished-at="2025-12-24T20:33:48 IST" duration-ms="2827" status="PASS">
          <reporter-output>
          </reporter-output>
        </test-method> <!-- verifyOrangeHRMogo -->
        <test-method is-config="true" signature="tearDown()[pri:0, instance:com.orangeHRM.test.HomePageTest@3dd1dc90]" started-at="2025-12-24T20:33:48 IST" name="tearDown" finished-at="2025-12-24T20:33:48 IST" duration-ms="233" status="PASS">
          <reporter-output>
          </reporter-output>
        </test-method> <!-- tearDown -->
      </class> <!-- com.orangeHRM.test.HomePageTest -->
      <class name="com.orangeHRM.test.DummyClass">
        <test-method is-config="true" signature="loadConfig()[pri:0, instance:com.orangeHRM.test.DummyClass@488eb7f2]" started-at="2025-12-24T20:33:34 IST" name="loadConfig" finished-at="2025-12-24T20:33:34 IST" duration-ms="273" status="PASS">
          <reporter-output>
          </reporter-output>
        </test-method> <!-- loadConfig -->
        <test-method is-config="true" signature="setup()[pri:0, instance:com.orangeHRM.test.DummyClass@488eb7f2]" started-at="2025-12-24T20:33:34 IST" name="setup" finished-at="2025-12-24T20:33:45 IST" duration-ms="11148" status="PASS">
          <reporter-output>
          </reporter-output>
        </test-method> <!-- setup -->
        <test-method signature="dummyTest()[pri:0, instance:com.orangeHRM.test.DummyClass@488eb7f2]" started-at="2025-12-24T20:33:45 IST" name="dummyTest" finished-at="2025-12-24T20:33:45 IST" duration-ms="21" status="SKIP">
          <exception class="org.testng.SkipException">
            <message>
              <![CDATA[Skipping this test intentionally.]]>
            </message>
            <full-stacktrace>
              <![CDATA[org.testng.SkipException: Skipping this test intentionally.
at com.orangeHRM.test.DummyClass.dummyTest(DummyClass.java:20)
at java.base/jdk.internal.reflect.NativeMethodAccessorImpl.invoke0(Native Method)
at java.base/jdk.internal.reflect.NativeMethodAccessorImpl.invoke(NativeMethodAccessorImpl.java:77)
at java.base/jdk.internal.reflect.DelegatingMethodAccessorImpl.invoke(DelegatingMethodAccessorImpl.java:43)
at java.base/java.lang.reflect.Method.invoke(Method.java:568)
at org.testng.internal.invokers.MethodInvocationHelper.invokeMethod(MethodInvocationHelper.java:141)
at org.testng.internal.invokers.TestInvoker.invokeMethod(TestInvoker.java:687)
at org.testng.internal.invokers.TestInvoker.invokeTestMethod(TestInvoker.java:230)
at org.testng.internal.invokers.MethodRunner.runInSequence(MethodRunner.java:63)
at org.testng.internal.invokers.TestInvoker$MethodInvocationAgent.invoke(TestInvoker.java:995)
at org.testng.internal.invokers.TestInvoker.invokeTestMethods(TestInvoker.java:203)
at org.testng.internal.invokers.TestMethodWorker.invokeTestMethods(TestMethodWorker.java:154)
at org.testng.internal.invokers.TestMethodWorker.run(TestMethodWorker.java:134)
at java.base/java.util.concurrent.Executors$RunnableAdapter.call(Executors.java:539)
at java.base/java.util.concurrent.FutureTask.run(FutureTask.java:264)
at org.testng.internal.thread.graph.TestNGFutureTask.run(TestNGFutureTask.java:22)
at java.base/java.util.concurrent.ThreadPoolExecutor.runWorker(ThreadPoolExecutor.java:1136)
at java.base/java.util.concurrent.ThreadPoolExecutor$Worker.run(ThreadPoolExecutor.java:635)
at java.base/java.lang.Thread.run(Thread.java:833)
]]>
            </full-stacktrace>
          </exception> <!-- org.testng.SkipException -->
          <reporter-output>
          </reporter-output>
        </test-method> <!-- dummyTest -->
        <test-method is-config="true" signature="tearDown()[pri:0, instance:com.orangeHRM.test.DummyClass@488eb7f2]" started-at="2025-12-24T20:33:45 IST" name="tearDown" finished-at="2025-12-24T20:33:45 IST" duration-ms="252" status="PASS">
          <reporter-output>
          </reporter-output>
        </test-method> <!-- tearDown -->
      </class> <!-- com.orangeHRM.test.DummyClass -->
      <class name="com.orangeHRM.test.DummyClass2">
        <test-method is-config="true" signature="setup()[pri:0, instance:com.orangeHRM.test.DummyClass2@6035b93b]" started-at="2025-12-24T20:33:34 IST" name="setup" finished-at="2025-12-24T20:33:43 IST" duration-ms="9093" status="PASS">
          <reporter-output>
          </reporter-output>
        </test-method> <!-- setup -->
        <test-method signature="dummyTest()[pri:0, instance:com.orangeHRM.test.DummyClass2@6035b93b]" started-at="2025-12-24T20:33:43 IST" name="dummyTest" finished-at="2025-12-24T20:33:43 IST" duration-ms="12" status="PASS">
          <reporter-output>
          </reporter-output>
        </test-method> <!-- dummyTest -->
        <test-method is-config="true" signature="tearDown()[pri:0, instance:com.orangeHRM.test.DummyClass2@6035b93b]" started-at="2025-12-24T20:33:43 IST" name="tearDown" finished-at="2025-12-24T20:33:44 IST" duration-ms="651" status="PASS">
          <reporter-output>
          </reporter-output>
        </test-method> <!-- tearDown -->
      </class> <!-- com.orangeHRM.test.DummyClass2 -->
      <class name="com.orangeHRM.test.LoginPageTest">
        <test-method is-config="true" signature="setup()[pri:0, instance:com.orangeHRM.test.LoginPageTest@320de594]" started-at="2025-12-24T20:33:34 IST" name="setup" finished-at="2025-12-24T20:33:43 IST" duration-ms="9027" status="PASS">
          <reporter-output>
          </reporter-output>
        </test-method> <!-- setup -->
        <test-method signature="invalidLogintest()[pri:0, instance:com.orangeHRM.test.LoginPageTest@320de594]" started-at="2025-12-24T20:33:43 IST" name="invalidLogintest" finished-at="2025-12-24T20:33:45 IST" duration-ms="2249" status="PASS">
          <reporter-output>
          </reporter-output>
        </test-method> <!-- invalidLogintest -->
        <test-method is-config="true" signature="tearDown()[pri:0, instance:com.orangeHRM.test.LoginPageTest@320de594]" started-at="2025-12-24T20:33:45 IST" name="tearDown" finished-at="2025-12-24T20:33:46 IST" duration-ms="286" status="PASS">
          <reporter-output>
          </reporter-output>
        </test-method> <!-- tearDown -->
        <test-method is-config="true" signature="setup()[pri:0, instance:com.orangeHRM.test.LoginPageTest@320de594]" started-at="2025-12-24T20:33:46 IST" name="setup" finished-at="2025-12-24T20:33:54 IST" duration-ms="8628" status="PASS">
          <reporter-output>
          </reporter-output>
        </test-method> <!-- setup -->
        <test-method signature="testvalidLogin()[pri:0, instance:com.orangeHRM.test.LoginPageTest@320de594]" started-at="2025-12-24T20:33:54 IST" name="testvalidLogin" finished-at="2025-12-24T20:34:03 IST" duration-ms="8547" status="PASS">
          <reporter-output>
          </reporter-output>
        </test-method> <!-- testvalidLogin -->
        <test-method is-config="true" signature="tearDown()[pri:0, instance:com.orangeHRM.test.LoginPageTest@320de594]" started-at="2025-12-24T20:34:03 IST" name="tearDown" finished-at="2025-12-24T20:34:03 IST" duration-ms="247" status="PASS">
          <reporter-output>
          </reporter-output>
        </test-method> <!-- tearDown -->
      </class> <!-- com.orangeHRM.test.LoginPageTest -->
    </test> <!-- OrangeHRMTest -->
  </suite> <!-- OrangeHRMSuite -->
</testng-results>
