<?xml version="1.0" encoding="UTF-8"?>
<testng-results ignored="0" total="5" passed="4" failed="0" skipped="1">
  <reporter-output>
  </reporter-output>
  <suite started-at="2025-12-28T21:23:21 IST" name="OrangeHRMSuite" finished-at="2025-12-28T21:23:55 IST" duration-ms="34179">
    <groups>
    </groups>
    <test started-at="2025-12-28T21:23:21 IST" name="OrangeHRMTest" finished-at="2025-12-28T21:23:55 IST" duration-ms="34179">
      <class name="com.orangeHRM.test.HomePageTest">
        <test-method is-config="true" signature="setup()[pri:0, instance:com.orangeHRM.test.HomePageTest@abf688e]" started-at="2025-12-28T21:23:21 IST" name="setup" finished-at="2025-12-28T21:23:35 IST" duration-ms="14012" status="PASS">
          <reporter-output>
          </reporter-output>
        </test-method> <!-- setup -->
        <test-method signature="verifyOrangeHRMogo()[pri:0, instance:com.orangeHRM.test.HomePageTest@abf688e]" started-at="2025-12-28T21:23:35 IST" name="verifyOrangeHRMogo" finished-at="2025-12-28T21:23:39 IST" duration-ms="3603" status="PASS">
          <reporter-output>
          </reporter-output>
        </test-method> <!-- verifyOrangeHRMogo -->
        <test-method is-config="true" signature="tearDown()[pri:0, instance:com.orangeHRM.test.HomePageTest@abf688e]" started-at="2025-12-28T21:23:39 IST" name="tearDown" finished-at="2025-12-28T21:23:39 IST" duration-ms="202" status="PASS">
          <reporter-output>
          </reporter-output>
        </test-method> <!-- tearDown -->
      </class> <!-- com.orangeHRM.test.HomePageTest -->
      <class name="com.orangeHRM.test.DummyClass">
        <test-method is-config="true" signature="loadConfig()[pri:0, instance:com.orangeHRM.test.DummyClass@5e81e5ac]" started-at="2025-12-28T21:23:21 IST" name="loadConfig" finished-at="2025-12-28T21:23:21 IST" duration-ms="37" status="PASS">
          <reporter-output>
          </reporter-output>
        </test-method> <!-- loadConfig -->
        <test-method is-config="true" signature="setup()[pri:0, instance:com.orangeHRM.test.DummyClass@5e81e5ac]" started-at="2025-12-28T21:23:21 IST" name="setup" finished-at="2025-12-28T21:23:33 IST" duration-ms="12143" status="PASS">
          <reporter-output>
          </reporter-output>
        </test-method> <!-- setup -->
        <test-method signature="dummyTest()[pri:0, instance:com.orangeHRM.test.DummyClass@5e81e5ac]" started-at="2025-12-28T21:23:33 IST" name="dummyTest" finished-at="2025-12-28T21:23:33 IST" duration-ms="42" status="SKIP">
          <exception class="org.testng.SkipException">
            <message>
              <![CDATA[Skipping this test intentionally.]]>
            </message>
            <full-stacktrace>
              <![CDATA[org.testng.SkipException: Skipping this test intentionally.
at com.orangeHRM.test.DummyClass.dummyTest(DummyClass.java:20)
at java.base/jdk.internal.reflect.NativeMethodAccessorImpl.invoke0(Native Method)
at java.base/jdk.internal.reflect.NativeMethodAccessorImpl.invoke(NativeMethodAccessorImpl.java:77)
at java.base/jdk.internal.reflect.DelegatingMethodAccessorImpl.invoke(DelegatingMethodAccessorImpl.java:43)
at java.base/java.lang.reflect.Method.invoke(Method.java:568)
at org.testng.internal.invokers.MethodInvocationHelper.invokeMethod(MethodInvocationHelper.java:141)
at org.testng.internal.invokers.TestInvoker.invokeMethod(TestInvoker.java:687)
at org.testng.internal.invokers.TestInvoker.invokeTestMethod(TestInvoker.java:230)
at org.testng.internal.invokers.MethodRunner.runInSequence(MethodRunner.java:63)
at org.testng.internal.invokers.TestInvoker$MethodInvocationAgent.invoke(TestInvoker.java:995)
at org.testng.internal.invokers.TestInvoker.invokeTestMethods(TestInvoker.java:203)
at org.testng.internal.invokers.TestMethodWorker.invokeTestMethods(TestMethodWorker.java:154)
at org.testng.internal.invokers.TestMethodWorker.run(TestMethodWorker.java:134)
at java.base/java.util.concurrent.Executors$RunnableAdapter.call(Executors.java:539)
at java.base/java.util.concurrent.FutureTask.run(FutureTask.java:264)
at org.testng.internal.thread.graph.TestNGFutureTask.run(TestNGFutureTask.java:22)
at java.base/java.util.concurrent.ThreadPoolExecutor.runWorker(ThreadPoolExecutor.java:1136)
at java.base/java.util.concurrent.ThreadPoolExecutor$Worker.run(ThreadPoolExecutor.java:635)
at java.base/java.lang.Thread.run(Thread.java:833)
]]>
            </full-stacktrace>
          </exception> <!-- org.testng.SkipException -->
          <reporter-output>
          </reporter-output>
        </test-method> <!-- dummyTest -->
        <test-method is-config="true" signature="tearDown()[pri:0, instance:com.orangeHRM.test.DummyClass@5e81e5ac]" started-at="2025-12-28T21:23:33 IST" name="tearDown" finished-at="2025-12-28T21:23:34 IST" duration-ms="302" status="PASS">
          <reporter-output>
          </reporter-output>
        </test-method> <!-- tearDown -->
      </class> <!-- com.orangeHRM.test.DummyClass -->
      <class name="com.orangeHRM.test.DummyClass2">
        <test-method is-config="true" signature="setup()[pri:0, instance:com.orangeHRM.test.DummyClass2@320de594]" started-at="2025-12-28T21:23:21 IST" name="setup" finished-at="2025-12-28T21:23:35 IST" duration-ms="14362" status="PASS">
          <reporter-output>
          </reporter-output>
        </test-method> <!-- setup -->
        <test-method signature="dummyTest()[pri:0, instance:com.orangeHRM.test.DummyClass2@320de594]" started-at="2025-12-28T21:23:35 IST" name="dummyTest" finished-at="2025-12-28T21:23:35 IST" duration-ms="9" status="PASS">
          <reporter-output>
          </reporter-output>
        </test-method> <!-- dummyTest -->
        <test-method is-config="true" signature="tearDown()[pri:0, instance:com.orangeHRM.test.DummyClass2@320de594]" started-at="2025-12-28T21:23:36 IST" name="tearDown" finished-at="2025-12-28T21:23:36 IST" duration-ms="186" status="PASS">
          <reporter-output>
          </reporter-output>
        </test-method> <!-- tearDown -->
      </class> <!-- com.orangeHRM.test.DummyClass2 -->
      <class name="com.orangeHRM.test.LoginPageTest">
        <test-method is-config="true" signature="setup()[pri:0, instance:com.orangeHRM.test.LoginPageTest@3dd1dc90]" started-at="2025-12-28T21:23:21 IST" name="setup" finished-at="2025-12-28T21:23:35 IST" duration-ms="13651" status="PASS">
          <reporter-output>
          </reporter-output>
        </test-method> <!-- setup -->
        <test-method signature="invalidLogintest()[pri:0, instance:com.orangeHRM.test.LoginPageTest@3dd1dc90]" started-at="2025-12-28T21:23:35 IST" name="invalidLogintest" finished-at="2025-12-28T21:23:37 IST" duration-ms="2253" status="PASS">
          <reporter-output>
          </reporter-output>
        </test-method> <!-- invalidLogintest -->
        <test-method is-config="true" signature="tearDown()[pri:0, instance:com.orangeHRM.test.LoginPageTest@3dd1dc90]" started-at="2025-12-28T21:23:37 IST" name="tearDown" finished-at="2025-12-28T21:23:37 IST" duration-ms="197" status="PASS">
          <reporter-output>
          </reporter-output>
        </test-method> <!-- tearDown -->
        <test-method is-config="true" signature="setup()[pri:0, instance:com.orangeHRM.test.LoginPageTest@3dd1dc90]" started-at="2025-12-28T21:23:37 IST" name="setup" finished-at="2025-12-28T21:23:46 IST" duration-ms="9005" status="PASS">
          <reporter-output>
          </reporter-output>
        </test-method> <!-- setup -->
        <test-method signature="testvalidLogin()[pri:0, instance:com.orangeHRM.test.LoginPageTest@3dd1dc90]" started-at="2025-12-28T21:23:46 IST" name="testvalidLogin" finished-at="2025-12-28T21:23:55 IST" duration-ms="8367" status="PASS">
          <reporter-output>
          </reporter-output>
        </test-method> <!-- testvalidLogin -->
        <test-method is-config="true" signature="tearDown()[pri:0, instance:com.orangeHRM.test.LoginPageTest@3dd1dc90]" started-at="2025-12-28T21:23:55 IST" name="tearDown" finished-at="2025-12-28T21:23:55 IST" duration-ms="193" status="PASS">
          <reporter-output>
          </reporter-output>
        </test-method> <!-- tearDown -->
      </class> <!-- com.orangeHRM.test.LoginPageTest -->
    </test> <!-- OrangeHRMTest -->
  </suite> <!-- OrangeHRMSuite -->
</testng-results>
