<?xml version="1.0" encoding="UTF-8"?>
<!-- Generated by org.testng.reporters.JUnitReportReporter -->
<testsuite hostname="Ankit-LEGION" failures="0" tests="2" name="com.orangeHRM.test.LoginPageTest" time="30.752" errors="0" timestamp="2025-12-25T19:46:04 IST" skipped="0">
  <testcase classname="com.orangeHRM.test.LoginPageTest" name="invalidLogintest" time="11.239"/>
  <testcase classname="com.orangeHRM.test.LoginPageTest" name="testvalidLogin" time="19.513"/>
</testsuite> <!-- com.orangeHRM.test.LoginPageTest -->
