<?xml version="1.0" encoding="UTF-8"?>
<!-- Generated by org.testng.reporters.JUnitReportReporter -->
<testsuite hostname="Ankit-LEGION" failures="0" tests="2" name="com.orangeHRM.test.LoginPageTest" time="28.984" errors="0" timestamp="2025-12-24T20:34:03 IST" skipped="0">
  <testcase classname="com.orangeHRM.test.LoginPageTest" name="testvalidLogin" time="17.461"/>
  <testcase classname="com.orangeHRM.test.LoginPageTest" name="invalidLogintest" time="11.523"/>
</testsuite> <!-- com.orangeHRM.test.LoginPageTest -->
